<?xml version="1.0" encoding="UTF-8"?>
<testsuite xmlns:xsi="http://www.w3.org/2001/XMLSchema-instance" xsi:noNamespaceSchemaLocation="https://maven.apache.org/surefire/maven-surefire-plugin/xsd/surefire-test-report.xsd" name="com.edu.cs.zutnlp.entity.stanford.dao.StanfordDaoTestCase" time="11.016" tests="1" errors="0" skipped="0" failures="0">
  <properties>
    <property name="sun.desktop" value="windows"/>
    <property name="awt.toolkit" value="sun.awt.windows.WToolkit"/>
    <property name="file.encoding.pkg" value="sun.io"/>
    <property name="java.specification.version" value="1.8"/>
    <property name="sun.cpu.isalist" value="amd64"/>
    <property name="sun.jnu.encoding" value="GBK"/>
    <property name="java.class.path" value="D:\Java\Idea-workspace\nlp_entity\zutnlp-entity-dao\target\test-classes;D:\Java\Idea-workspace\nlp_entity\zutnlp-entity-dao\target\classes;D:\Java\Idea-workspace\nlp_entity\zutnlp-entity-base\target\classes;D:\Java\repo\org\hibernate\javax\persistence\hibernate-jpa-2.1-api\1.0.2.Final\hibernate-jpa-2.1-api-1.0.2.Final.jar;D:\Java\repo\org\apache\commons\commons-lang3\3.8.1\commons-lang3-3.8.1.jar;D:\Java\repo\com\fasterxml\jackson\core\jackson-annotations\2.9.8\jackson-annotations-2.9.8.jar;D:\Java\repo\org\springframework\data\spring-data-jpa\2.1.6.RELEASE\spring-data-jpa-2.1.6.RELEASE.jar;D:\Java\repo\org\springframework\data\spring-data-commons\2.1.6.RELEASE\spring-data-commons-2.1.6.RELEASE.jar;D:\Java\repo\org\springframework\spring-orm\5.1.6.RELEASE\spring-orm-5.1.6.RELEASE.jar;D:\Java\repo\org\springframework\spring-jdbc\5.1.6.RELEASE\spring-jdbc-5.1.6.RELEASE.jar;D:\Java\repo\org\springframework\spring-tx\5.1.6.RELEASE\spring-tx-5.1.6.RELEASE.jar;D:\Java\repo\org\aspectj\aspectjrt\1.9.2\aspectjrt-1.9.2.jar;D:\Java\repo\org\hibernate\hibernate-entitymanager\5.4.2.Final\hibernate-entitymanager-5.4.2.Final.jar;D:\Java\repo\org\jboss\logging\jboss-logging\3.3.2.Final\jboss-logging-3.3.2.Final.jar;D:\Java\repo\org\hibernate\hibernate-core\5.4.2.Final\hibernate-core-5.4.2.Final.jar;D:\Java\repo\org\javassist\javassist\3.24.0-GA\javassist-3.24.0-GA.jar;D:\Java\repo\antlr\antlr\2.7.7\antlr-2.7.7.jar;D:\Java\repo\org\jboss\jandex\2.0.5.Final\jandex-2.0.5.Final.jar;D:\Java\repo\com\fasterxml\classmate\1.3.4\classmate-1.3.4.jar;D:\Java\repo\org\glassfish\jaxb\jaxb-runtime\2.3.1\jaxb-runtime-2.3.1.jar;D:\Java\repo\org\glassfish\jaxb\txw2\2.3.1\txw2-2.3.1.jar;D:\Java\repo\com\sun\istack\istack-commons-runtime\3.0.7\istack-commons-runtime-3.0.7.jar;D:\Java\repo\org\jvnet\staxex\stax-ex\1.8\stax-ex-1.8.jar;D:\Java\repo\com\sun\xml\fastinfoset\FastInfoset\1.2.15\FastInfoset-1.2.15.jar;D:\Java\repo\org\dom4j\dom4j\2.1.1\dom4j-2.1.1.jar;D:\Java\repo\org\hibernate\common\hibernate-commons-annotations\5.1.0.Final\hibernate-commons-annotations-5.1.0.Final.jar;D:\Java\repo\javax\persistence\javax.persistence-api\2.2\javax.persistence-api-2.2.jar;D:\Java\repo\net\bytebuddy\byte-buddy\1.9.10\byte-buddy-1.9.10.jar;D:\Java\repo\org\jboss\spec\javax\transaction\jboss-transaction-api_1.2_spec\1.1.1.Final\jboss-transaction-api_1.2_spec-1.1.1.Final.jar;D:\Java\repo\org\apache\commons\commons-dbcp2\2.6.0\commons-dbcp2-2.6.0.jar;D:\Java\repo\org\apache\commons\commons-pool2\2.6.1\commons-pool2-2.6.1.jar;D:\Java\repo\commons-logging\commons-logging\1.2\commons-logging-1.2.jar;D:\Java\repo\mysql\mysql-connector-java\8.0.15\mysql-connector-java-8.0.15.jar;D:\Java\repo\com\google\protobuf\protobuf-java\3.6.1\protobuf-java-3.6.1.jar;D:\Java\repo\org\springframework\spring-webmvc\5.1.5.RELEASE\spring-webmvc-5.1.5.RELEASE.jar;D:\Java\repo\org\springframework\spring-aop\5.1.5.RELEASE\spring-aop-5.1.5.RELEASE.jar;D:\Java\repo\org\springframework\spring-beans\5.1.5.RELEASE\spring-beans-5.1.5.RELEASE.jar;D:\Java\repo\org\springframework\spring-context\5.1.5.RELEASE\spring-context-5.1.5.RELEASE.jar;D:\Java\repo\org\springframework\spring-core\5.1.5.RELEASE\spring-core-5.1.5.RELEASE.jar;D:\Java\repo\org\springframework\spring-jcl\5.1.5.RELEASE\spring-jcl-5.1.5.RELEASE.jar;D:\Java\repo\org\springframework\spring-expression\5.1.5.RELEASE\spring-expression-5.1.5.RELEASE.jar;D:\Java\repo\org\springframework\spring-web\5.1.5.RELEASE\spring-web-5.1.5.RELEASE.jar;D:\Java\repo\org\apache\logging\log4j\log4j-api\2.11.0\log4j-api-2.11.0.jar;D:\Java\repo\org\apache\logging\log4j\log4j-core\2.11.0\log4j-core-2.11.0.jar;D:\Java\repo\org\apache\logging\log4j\log4j-slf4j-impl\2.11.2\log4j-slf4j-impl-2.11.2.jar;D:\Java\repo\org\slf4j\slf4j-api\1.7.25\slf4j-api-1.7.25.jar;D:\Java\repo\junit\junit\4.12\junit-4.12.jar;D:\Java\repo\org\hamcrest\hamcrest-core\1.3\hamcrest-core-1.3.jar;D:\Java\repo\org\springframework\spring-test\5.1.0.RELEASE\spring-test-5.1.0.RELEASE.jar;D:\Java\repo\edu\stanford\nlp\stanford-corenlp\3.9.2\stanford-corenlp-3.9.2.jar;D:\Java\repo\com\apple\AppleJavaExtensions\1.4\AppleJavaExtensions-1.4.jar;D:\Java\repo\de\jollyday\jollyday\0.4.9\jollyday-0.4.9.jar;D:\Java\repo\org\apache\lucene\lucene-queryparser\4.10.3\lucene-queryparser-4.10.3.jar;D:\Java\repo\org\apache\lucene\lucene-sandbox\4.10.3\lucene-sandbox-4.10.3.jar;D:\Java\repo\org\apache\lucene\lucene-analyzers-common\4.10.3\lucene-analyzers-common-4.10.3.jar;D:\Java\repo\org\apache\lucene\lucene-queries\4.10.3\lucene-queries-4.10.3.jar;D:\Java\repo\org\apache\lucene\lucene-core\4.10.3\lucene-core-4.10.3.jar;D:\Java\repo\javax\servlet\javax.servlet-api\3.0.1\javax.servlet-api-3.0.1.jar;D:\Java\repo\com\io7m\xom\xom\1.2.10\xom-1.2.10.jar;D:\Java\repo\xml-apis\xml-apis\1.3.03\xml-apis-1.3.03.jar;D:\Java\repo\xerces\xercesImpl\2.8.0\xercesImpl-2.8.0.jar;D:\Java\repo\xalan\xalan\2.7.0\xalan-2.7.0.jar;D:\Java\repo\joda-time\joda-time\2.9.4\joda-time-2.9.4.jar;D:\Java\repo\com\googlecode\efficient-java-matrix-library\ejml\0.23\ejml-0.23.jar;D:\Java\repo\org\glassfish\javax.json\1.0.4\javax.json-1.0.4.jar;D:\Java\repo\javax\activation\javax.activation-api\1.2.0\javax.activation-api-1.2.0.jar;D:\Java\repo\javax\xml\bind\jaxb-api\2.4.0-b180830.0359\jaxb-api-2.4.0-b180830.0359.jar;D:\Java\repo\com\sun\xml\bind\jaxb-core\2.3.0.1\jaxb-core-2.3.0.1.jar;D:\Java\repo\com\sun\xml\bind\jaxb-impl\2.4.0-b180830.0438\jaxb-impl-2.4.0-b180830.0438.jar;D:\Java\repo\edu\stanford\nlp\stanford-corenlp\3.9.2\stanford-corenlp-3.9.2-models.jar;D:\Java\repo\edu\stanford\nlp\stanford-corenlp\3.9.2\stanford-corenlp-3.9.2-models-chinese.jar;"/>
    <property name="java.vm.vendor" value="Oracle Corporation"/>
    <property name="sun.arch.data.model" value="64"/>
    <property name="user.variant" value=""/>
    <property name="java.vendor.url" value="http://java.oracle.com/"/>
    <property name="user.timezone" value=""/>
    <property name="java.vm.specification.version" value="1.8"/>
    <property name="os.name" value="Windows 10"/>
    <property name="user.country" value="CN"/>
    <property name="sun.java.launcher" value="SUN_STANDARD"/>
    <property name="sun.boot.library.path" value="D:\Java\JDK\jre\bin"/>
    <property name="sun.java.command" value="C:\Users\CUIMEN~1\AppData\Local\Temp\surefire1678899773077424081\surefirebooter4481743040239431814.jar C:\Users\CuiMengtin\AppData\Local\Temp\surefire1678899773077424081 2019-07-20T09-18-59_815-jvmRun1 surefire4487883673754775882tmp surefire_07277227392369060627tmp"/>
    <property name="surefire.test.class.path" value="D:\Java\Idea-workspace\nlp_entity\zutnlp-entity-dao\target\test-classes;D:\Java\Idea-workspace\nlp_entity\zutnlp-entity-dao\target\classes;D:\Java\Idea-workspace\nlp_entity\zutnlp-entity-base\target\classes;D:\Java\repo\org\hibernate\javax\persistence\hibernate-jpa-2.1-api\1.0.2.Final\hibernate-jpa-2.1-api-1.0.2.Final.jar;D:\Java\repo\org\apache\commons\commons-lang3\3.8.1\commons-lang3-3.8.1.jar;D:\Java\repo\com\fasterxml\jackson\core\jackson-annotations\2.9.8\jackson-annotations-2.9.8.jar;D:\Java\repo\org\springframework\data\spring-data-jpa\2.1.6.RELEASE\spring-data-jpa-2.1.6.RELEASE.jar;D:\Java\repo\org\springframework\data\spring-data-commons\2.1.6.RELEASE\spring-data-commons-2.1.6.RELEASE.jar;D:\Java\repo\org\springframework\spring-orm\5.1.6.RELEASE\spring-orm-5.1.6.RELEASE.jar;D:\Java\repo\org\springframework\spring-jdbc\5.1.6.RELEASE\spring-jdbc-5.1.6.RELEASE.jar;D:\Java\repo\org\springframework\spring-tx\5.1.6.RELEASE\spring-tx-5.1.6.RELEASE.jar;D:\Java\repo\org\aspectj\aspectjrt\1.9.2\aspectjrt-1.9.2.jar;D:\Java\repo\org\hibernate\hibernate-entitymanager\5.4.2.Final\hibernate-entitymanager-5.4.2.Final.jar;D:\Java\repo\org\jboss\logging\jboss-logging\3.3.2.Final\jboss-logging-3.3.2.Final.jar;D:\Java\repo\org\hibernate\hibernate-core\5.4.2.Final\hibernate-core-5.4.2.Final.jar;D:\Java\repo\org\javassist\javassist\3.24.0-GA\javassist-3.24.0-GA.jar;D:\Java\repo\antlr\antlr\2.7.7\antlr-2.7.7.jar;D:\Java\repo\org\jboss\jandex\2.0.5.Final\jandex-2.0.5.Final.jar;D:\Java\repo\com\fasterxml\classmate\1.3.4\classmate-1.3.4.jar;D:\Java\repo\org\glassfish\jaxb\jaxb-runtime\2.3.1\jaxb-runtime-2.3.1.jar;D:\Java\repo\org\glassfish\jaxb\txw2\2.3.1\txw2-2.3.1.jar;D:\Java\repo\com\sun\istack\istack-commons-runtime\3.0.7\istack-commons-runtime-3.0.7.jar;D:\Java\repo\org\jvnet\staxex\stax-ex\1.8\stax-ex-1.8.jar;D:\Java\repo\com\sun\xml\fastinfoset\FastInfoset\1.2.15\FastInfoset-1.2.15.jar;D:\Java\repo\org\dom4j\dom4j\2.1.1\dom4j-2.1.1.jar;D:\Java\repo\org\hibernate\common\hibernate-commons-annotations\5.1.0.Final\hibernate-commons-annotations-5.1.0.Final.jar;D:\Java\repo\javax\persistence\javax.persistence-api\2.2\javax.persistence-api-2.2.jar;D:\Java\repo\net\bytebuddy\byte-buddy\1.9.10\byte-buddy-1.9.10.jar;D:\Java\repo\org\jboss\spec\javax\transaction\jboss-transaction-api_1.2_spec\1.1.1.Final\jboss-transaction-api_1.2_spec-1.1.1.Final.jar;D:\Java\repo\org\apache\commons\commons-dbcp2\2.6.0\commons-dbcp2-2.6.0.jar;D:\Java\repo\org\apache\commons\commons-pool2\2.6.1\commons-pool2-2.6.1.jar;D:\Java\repo\commons-logging\commons-logging\1.2\commons-logging-1.2.jar;D:\Java\repo\mysql\mysql-connector-java\8.0.15\mysql-connector-java-8.0.15.jar;D:\Java\repo\com\google\protobuf\protobuf-java\3.6.1\protobuf-java-3.6.1.jar;D:\Java\repo\org\springframework\spring-webmvc\5.1.5.RELEASE\spring-webmvc-5.1.5.RELEASE.jar;D:\Java\repo\org\springframework\spring-aop\5.1.5.RELEASE\spring-aop-5.1.5.RELEASE.jar;D:\Java\repo\org\springframework\spring-beans\5.1.5.RELEASE\spring-beans-5.1.5.RELEASE.jar;D:\Java\repo\org\springframework\spring-context\5.1.5.RELEASE\spring-context-5.1.5.RELEASE.jar;D:\Java\repo\org\springframework\spring-core\5.1.5.RELEASE\spring-core-5.1.5.RELEASE.jar;D:\Java\repo\org\springframework\spring-jcl\5.1.5.RELEASE\spring-jcl-5.1.5.RELEASE.jar;D:\Java\repo\org\springframework\spring-expression\5.1.5.RELEASE\spring-expression-5.1.5.RELEASE.jar;D:\Java\repo\org\springframework\spring-web\5.1.5.RELEASE\spring-web-5.1.5.RELEASE.jar;D:\Java\repo\org\apache\logging\log4j\log4j-api\2.11.0\log4j-api-2.11.0.jar;D:\Java\repo\org\apache\logging\log4j\log4j-core\2.11.0\log4j-core-2.11.0.jar;D:\Java\repo\org\apache\logging\log4j\log4j-slf4j-impl\2.11.2\log4j-slf4j-impl-2.11.2.jar;D:\Java\repo\org\slf4j\slf4j-api\1.7.25\slf4j-api-1.7.25.jar;D:\Java\repo\junit\junit\4.12\junit-4.12.jar;D:\Java\repo\org\hamcrest\hamcrest-core\1.3\hamcrest-core-1.3.jar;D:\Java\repo\org\springframework\spring-test\5.1.0.RELEASE\spring-test-5.1.0.RELEASE.jar;D:\Java\repo\edu\stanford\nlp\stanford-corenlp\3.9.2\stanford-corenlp-3.9.2.jar;D:\Java\repo\com\apple\AppleJavaExtensions\1.4\AppleJavaExtensions-1.4.jar;D:\Java\repo\de\jollyday\jollyday\0.4.9\jollyday-0.4.9.jar;D:\Java\repo\org\apache\lucene\lucene-queryparser\4.10.3\lucene-queryparser-4.10.3.jar;D:\Java\repo\org\apache\lucene\lucene-sandbox\4.10.3\lucene-sandbox-4.10.3.jar;D:\Java\repo\org\apache\lucene\lucene-analyzers-common\4.10.3\lucene-analyzers-common-4.10.3.jar;D:\Java\repo\org\apache\lucene\lucene-queries\4.10.3\lucene-queries-4.10.3.jar;D:\Java\repo\org\apache\lucene\lucene-core\4.10.3\lucene-core-4.10.3.jar;D:\Java\repo\javax\servlet\javax.servlet-api\3.0.1\javax.servlet-api-3.0.1.jar;D:\Java\repo\com\io7m\xom\xom\1.2.10\xom-1.2.10.jar;D:\Java\repo\xml-apis\xml-apis\1.3.03\xml-apis-1.3.03.jar;D:\Java\repo\xerces\xercesImpl\2.8.0\xercesImpl-2.8.0.jar;D:\Java\repo\xalan\xalan\2.7.0\xalan-2.7.0.jar;D:\Java\repo\joda-time\joda-time\2.9.4\joda-time-2.9.4.jar;D:\Java\repo\com\googlecode\efficient-java-matrix-library\ejml\0.23\ejml-0.23.jar;D:\Java\repo\org\glassfish\javax.json\1.0.4\javax.json-1.0.4.jar;D:\Java\repo\javax\activation\javax.activation-api\1.2.0\javax.activation-api-1.2.0.jar;D:\Java\repo\javax\xml\bind\jaxb-api\2.4.0-b180830.0359\jaxb-api-2.4.0-b180830.0359.jar;D:\Java\repo\com\sun\xml\bind\jaxb-core\2.3.0.1\jaxb-core-2.3.0.1.jar;D:\Java\repo\com\sun\xml\bind\jaxb-impl\2.4.0-b180830.0438\jaxb-impl-2.4.0-b180830.0438.jar;D:\Java\repo\edu\stanford\nlp\stanford-corenlp\3.9.2\stanford-corenlp-3.9.2-models.jar;D:\Java\repo\edu\stanford\nlp\stanford-corenlp\3.9.2\stanford-corenlp-3.9.2-models-chinese.jar;"/>
    <property name="sun.cpu.endian" value="little"/>
    <property name="user.home" value="C:\Users\CuiMengtin"/>
    <property name="user.language" value="zh"/>
    <property name="java.specification.vendor" value="Oracle Corporation"/>
    <property name="java.home" value="D:\Java\JDK\jre"/>
    <property name="basedir" value="D:\Java\Idea-workspace\nlp_entity\zutnlp-entity-dao"/>
    <property name="file.separator" value="\"/>
    <property name="line.separator" value="&#10;"/>
    <property name="java.vm.specification.vendor" value="Oracle Corporation"/>
    <property name="java.specification.name" value="Java Platform API Specification"/>
    <property name="java.awt.graphicsenv" value="sun.awt.Win32GraphicsEnvironment"/>
    <property name="surefire.real.class.path" value="C:\Users\CUIMEN~1\AppData\Local\Temp\surefire1678899773077424081\surefirebooter4481743040239431814.jar"/>
    <property name="sun.boot.class.path" value="D:\Java\JDK\jre\lib\resources.jar;D:\Java\JDK\jre\lib\rt.jar;D:\Java\JDK\jre\lib\sunrsasign.jar;D:\Java\JDK\jre\lib\jsse.jar;D:\Java\JDK\jre\lib\jce.jar;D:\Java\JDK\jre\lib\charsets.jar;D:\Java\JDK\jre\lib\jfr.jar;D:\Java\JDK\jre\classes"/>
    <property name="user.script" value=""/>
    <property name="sun.management.compiler" value="HotSpot 64-Bit Tiered Compilers"/>
    <property name="java.runtime.version" value="1.8.0_181-b13"/>
    <property name="user.name" value="CuiMengtin"/>
    <property name="path.separator" value=";"/>
    <property name="os.version" value="10.0"/>
    <property name="java.endorsed.dirs" value="D:\Java\JDK\jre\lib\endorsed"/>
    <property name="java.runtime.name" value="Java(TM) SE Runtime Environment"/>
    <property name="file.encoding" value="GBK"/>
    <property name="java.vm.name" value="Java HotSpot(TM) 64-Bit Server VM"/>
    <property name="localRepository" value="D:\Java\repo"/>
    <property name="java.vendor.url.bug" value="http://bugreport.sun.com/bugreport/"/>
    <property name="java.io.tmpdir" value="C:\Users\CUIMEN~1\AppData\Local\Temp\"/>
    <property name="java.version" value="1.8.0_181"/>
    <property name="user.dir" value="D:\Java\Idea-workspace\nlp_entity\zutnlp-entity-dao"/>
    <property name="os.arch" value="amd64"/>
    <property name="java.vm.specification.name" value="Java Virtual Machine Specification"/>
    <property name="java.awt.printerjob" value="sun.awt.windows.WPrinterJob"/>
    <property name="sun.os.patch.level" value=""/>
    <property name="java.library.path" value="D:\Java\JDK\jre\bin;C:\WINDOWS\Sun\Java\bin;C:\WINDOWS\system32;C:\WINDOWS;D:\Python\python-3.7.3\Scripts\;D:\Python\python-3.7.3\;D:\Java\JDK\bin;C:\Program Files\Intel\iCLS Client\;C:\WINDOWS\system32;C:\WINDOWS;C:\WINDOWS\System32\Wbem;C:\WINDOWS\System32\WindowsPowerShell\v1.0\;C:\Program Files (x86)\Intel\Intel(R) Management Engine Components\DAL;C:\Program Files\Intel\Intel(R) Management Engine Components\DAL;C:\Program Files (x86)\Intel\Intel(R) Management Engine Components\IPT;C:\Program Files\Intel\Intel(R) Management Engine Components\IPT;C:\Program Files\Microsoft SQL Server\110\Tools\Binn\;C:\Program Files (x86)\Windows Kits\8.1\Windows Performance Toolkit\;C:\Program Files (x86)\Intel\iCLS Client\;D:\Java\JDK\jre\bin;C:\Program Files (x86)\Common Files\Oracle\Java\javapath;D:\Program Files\mysql-5.6.41-winx64\bin;D:\Java\Maven\bin;D:\Git\Git-2.18.0-64\cmd;D:\Java\apache-tomcat-8.5.38\bin;D:\Java\apache-tomcat-8.5.38\lib;C:\Program Files\Microsoft SQL Server\Client SDK\ODBC\130\Tools\Binn\;C:\Program Files (x86)\Microsoft SQL Server\140\Tools\Binn\;C:\Program Files\Microsoft SQL Server\140\Tools\Binn\;C:\Program Files\Microsoft SQL Server\140\DTS\Binn\;C:\Program Files (x86)\Microsoft SQL Server\Client SDK\ODBC\130\Tools\Binn\;C:\Program Files (x86)\Microsoft SQL Server\140\DTS\Binn\;C:\Program Files (x86)\Microsoft SQL Server\140\Tools\Binn\ManagementStudio\;C:\Program Files\nodejs\node\;D:\Program Files\mysql-5.6.41-winx64\bin；;D:\Python\TortoiseGit\bin;D:\Python\Anaconda3;D:\Python\Anaconda3\Library\mingw-w64\bin;D:\Python\Anaconda3\Library\usr\bin;D:\Python\Anaconda3\Library\bin;D:\Python\Anaconda3\Scripts;D:\Software\Scripts\;D:\Software\;C:\Users\CuiMengtin\AppData\Local\Microsoft\WindowsApps;D:\Java\Idea\IntelliJ IDEA 2018.3.4\bin;D:\FrontEnd\WebStorm 2018.3.5\bin;C:\Users\CuiMengtin\AppData\Local\GitHubDesktop\bin;C:\Users\CuiMengtin\AppData\Roaming\npm;D:\Python\PyCharm 2019.1.3\bin;;."/>
    <property name="java.vm.info" value="mixed mode"/>
    <property name="java.vendor" value="Oracle Corporation"/>
    <property name="java.vm.version" value="25.181-b13"/>
    <property name="java.ext.dirs" value="D:\Java\JDK\jre\lib\ext;C:\WINDOWS\Sun\Java\lib\ext"/>
    <property name="sun.io.unicode.encoding" value="UnicodeLittle"/>
    <property name="java.class.version" value="52.0"/>
  </properties>
  <testcase name="findAll" classname="com.edu.cs.zutnlp.entity.stanford.dao.StanfordDaoTestCase" time="0.285"/>
</testsuite>